Analysis & Synthesis report for Lab4
Sun Feb 27 14:49:28 2022
Quartus Prime Version 20.1.1 Build 720 11/11/2020 Patches 1.02i SJ Lite Edition


---------------------
; Table of Contents ;
---------------------
  1. Legal Notice
  2. Analysis & Synthesis Summary
  3. Analysis & Synthesis Settings
  4. Parallel Compilation
  5. Analysis & Synthesis Source Files Read
  6. Analysis & Synthesis Resource Usage Summary
  7. Analysis & Synthesis Resource Utilization by Entity
  8. User-Specified and Inferred Latches
  9. Registers Removed During Synthesis
 10. General Register Statistics
 11. Multiplexer Restructuring Statistics (Restructuring Performed)
 12. Parameter Settings for Inferred Entity Instance: lpm_divide:Mod0
 13. Parameter Settings for Inferred Entity Instance: lpm_divide:Div0
 14. Parameter Settings for Inferred Entity Instance: lpm_divide:Mod1
 15. Port Connectivity Checks: "B2D:hex02"
 16. Port Connectivity Checks: "B2D:hex01"
 17. Post-Synthesis Netlist Statistics for Top Partition
 18. Elapsed Time Per Partition
 19. Analysis & Synthesis Messages
 20. Analysis & Synthesis Suppressed Messages



----------------
; Legal Notice ;
----------------
Copyright (C) 2020  Intel Corporation. All rights reserved.
Your use of Intel Corporation's design tools, logic functions 
and other software and tools, and any partner logic 
functions, and any output files from any of the foregoing 
(including device programming or simulation files), and any 
associated documentation or information are expressly subject 
to the terms and conditions of the Intel Program License 
Subscription Agreement, the Intel Quartus Prime License Agreement,
the Intel FPGA IP License Agreement, or other applicable license
agreement, including, without limitation, that your use is for
the sole purpose of programming logic devices manufactured by
Intel and sold by Intel or its authorized distributors.  Please
refer to the applicable agreement for further details, at
https://fpgasoftware.intel.com/eula.



+------------------------------------------------------------------------------------------------+
; Analysis & Synthesis Summary                                                                   ;
+------------------------------------+-----------------------------------------------------------+
; Analysis & Synthesis Status        ; Successful - Sun Feb 27 14:49:28 2022                     ;
; Quartus Prime Version              ; 20.1.1 Build 720 11/11/2020 Patches 1.02i SJ Lite Edition ;
; Revision Name                      ; Lab4                                                      ;
; Top-level Entity Name              ; Lab4                                                      ;
; Family                             ; MAX 10                                                    ;
; Total logic elements               ; 282                                                       ;
;     Total combinational functions  ; 279                                                       ;
;     Dedicated logic registers      ; 44                                                        ;
; Total registers                    ; 44                                                        ;
; Total pins                         ; 19                                                        ;
; Total virtual pins                 ; 0                                                         ;
; Total memory bits                  ; 0                                                         ;
; Embedded Multiplier 9-bit elements ; 0                                                         ;
; Total PLLs                         ; 0                                                         ;
; UFM blocks                         ; 0                                                         ;
; ADC blocks                         ; 0                                                         ;
+------------------------------------+-----------------------------------------------------------+


+------------------------------------------------------------------------------------------------------------+
; Analysis & Synthesis Settings                                                                              ;
+------------------------------------------------------------------+--------------------+--------------------+
; Option                                                           ; Setting            ; Default Value      ;
+------------------------------------------------------------------+--------------------+--------------------+
; Device                                                           ; 10M50DAF484C7G     ;                    ;
; Top-level entity name                                            ; Lab4               ; Lab4               ;
; Family name                                                      ; MAX 10             ; Cyclone V          ;
; Use smart compilation                                            ; Off                ; Off                ;
; Enable parallel Assembler and Timing Analyzer during compilation ; On                 ; On                 ;
; Enable compact report table                                      ; Off                ; Off                ;
; Restructure Multiplexers                                         ; Auto               ; Auto               ;
; Create Debugging Nodes for IP Cores                              ; Off                ; Off                ;
; Preserve fewer node names                                        ; On                 ; On                 ;
; Intel FPGA IP Evaluation Mode                                    ; Enable             ; Enable             ;
; Verilog Version                                                  ; Verilog_2001       ; Verilog_2001       ;
; VHDL Version                                                     ; VHDL_1993          ; VHDL_1993          ;
; State Machine Processing                                         ; Auto               ; Auto               ;
; Safe State Machine                                               ; Off                ; Off                ;
; Extract Verilog State Machines                                   ; On                 ; On                 ;
; Extract VHDL State Machines                                      ; On                 ; On                 ;
; Ignore Verilog initial constructs                                ; Off                ; Off                ;
; Iteration limit for constant Verilog loops                       ; 5000               ; 5000               ;
; Iteration limit for non-constant Verilog loops                   ; 250                ; 250                ;
; Add Pass-Through Logic to Inferred RAMs                          ; On                 ; On                 ;
; Infer RAMs from Raw Logic                                        ; On                 ; On                 ;
; Parallel Synthesis                                               ; On                 ; On                 ;
; DSP Block Balancing                                              ; Auto               ; Auto               ;
; NOT Gate Push-Back                                               ; On                 ; On                 ;
; Power-Up Don't Care                                              ; On                 ; On                 ;
; Remove Redundant Logic Cells                                     ; Off                ; Off                ;
; Remove Duplicate Registers                                       ; On                 ; On                 ;
; Ignore CARRY Buffers                                             ; Off                ; Off                ;
; Ignore CASCADE Buffers                                           ; Off                ; Off                ;
; Ignore GLOBAL Buffers                                            ; Off                ; Off                ;
; Ignore ROW GLOBAL Buffers                                        ; Off                ; Off                ;
; Ignore LCELL Buffers                                             ; Off                ; Off                ;
; Ignore SOFT Buffers                                              ; On                 ; On                 ;
; Limit AHDL Integers to 32 Bits                                   ; Off                ; Off                ;
; Optimization Technique                                           ; Balanced           ; Balanced           ;
; Carry Chain Length                                               ; 70                 ; 70                 ;
; Auto Carry Chains                                                ; On                 ; On                 ;
; Auto Open-Drain Pins                                             ; On                 ; On                 ;
; Perform WYSIWYG Primitive Resynthesis                            ; Off                ; Off                ;
; Auto ROM Replacement                                             ; On                 ; On                 ;
; Auto RAM Replacement                                             ; On                 ; On                 ;
; Auto DSP Block Replacement                                       ; On                 ; On                 ;
; Auto Shift Register Replacement                                  ; Auto               ; Auto               ;
; Allow Shift Register Merging across Hierarchies                  ; Auto               ; Auto               ;
; Auto Clock Enable Replacement                                    ; On                 ; On                 ;
; Strict RAM Replacement                                           ; Off                ; Off                ;
; Allow Synchronous Control Signals                                ; On                 ; On                 ;
; Force Use of Synchronous Clear Signals                           ; Off                ; Off                ;
; Auto RAM Block Balancing                                         ; On                 ; On                 ;
; Auto RAM to Logic Cell Conversion                                ; Off                ; Off                ;
; Auto Resource Sharing                                            ; Off                ; Off                ;
; Allow Any RAM Size For Recognition                               ; Off                ; Off                ;
; Allow Any ROM Size For Recognition                               ; Off                ; Off                ;
; Allow Any Shift Register Size For Recognition                    ; Off                ; Off                ;
; Use LogicLock Constraints during Resource Balancing              ; On                 ; On                 ;
; Ignore translate_off and synthesis_off directives                ; Off                ; Off                ;
; Timing-Driven Synthesis                                          ; On                 ; On                 ;
; Report Parameter Settings                                        ; On                 ; On                 ;
; Report Source Assignments                                        ; On                 ; On                 ;
; Report Connectivity Checks                                       ; On                 ; On                 ;
; Ignore Maximum Fan-Out Assignments                               ; Off                ; Off                ;
; Synchronization Register Chain Length                            ; 2                  ; 2                  ;
; Power Optimization During Synthesis                              ; Normal compilation ; Normal compilation ;
; HDL message level                                                ; Level2             ; Level2             ;
; Suppress Register Optimization Related Messages                  ; Off                ; Off                ;
; Number of Removed Registers Reported in Synthesis Report         ; 5000               ; 5000               ;
; Number of Swept Nodes Reported in Synthesis Report               ; 5000               ; 5000               ;
; Number of Inverted Registers Reported in Synthesis Report        ; 100                ; 100                ;
; Clock MUX Protection                                             ; On                 ; On                 ;
; Auto Gated Clock Conversion                                      ; Off                ; Off                ;
; Block Design Naming                                              ; Auto               ; Auto               ;
; SDC constraint protection                                        ; Off                ; Off                ;
; Synthesis Effort                                                 ; Auto               ; Auto               ;
; Shift Register Replacement - Allow Asynchronous Clear Signal     ; On                 ; On                 ;
; Pre-Mapping Resynthesis Optimization                             ; Off                ; Off                ;
; Analysis & Synthesis Message Level                               ; Medium             ; Medium             ;
; Disable Register Merging Across Hierarchies                      ; Auto               ; Auto               ;
; Resource Aware Inference For Block RAM                           ; On                 ; On                 ;
+------------------------------------------------------------------+--------------------+--------------------+


+------------------------------------------+
; Parallel Compilation                     ;
+----------------------------+-------------+
; Processors                 ; Number      ;
+----------------------------+-------------+
; Number detected on machine ; 12          ;
; Maximum allowed            ; 12          ;
;                            ;             ;
; Average used               ; 1.01        ;
; Maximum used               ; 12          ;
;                            ;             ;
; Usage by Processor         ; % Time Used ;
;     Processor 1            ; 100.0%      ;
;     Processor 2            ;   0.1%      ;
;     Processors 3-12        ;   0.0%      ;
+----------------------------+-------------+


+-----------------------------------------------------------------------------------------------------------------------------------------------------------------------------------------+
; Analysis & Synthesis Source Files Read                                                                                                                                                  ;
+----------------------------------+-----------------+------------------------------+-------------------------------------------------------------------------------------------+---------+
; File Name with User-Entered Path ; Used in Netlist ; File Type                    ; File Name with Absolute Path                                                              ; Library ;
+----------------------------------+-----------------+------------------------------+-------------------------------------------------------------------------------------------+---------+
; Lab4.sv                          ; yes             ; User SystemVerilog HDL File  ; C:/Users/Jorra/Documents/Coding Practice/School/EECS3216/Lab 4/Lab4.sv                    ;         ;
; lpm_divide.tdf                   ; yes             ; Megafunction                 ; c:/intelfpga_lite/20.1/quartus/libraries/megafunctions/lpm_divide.tdf                     ;         ;
; abs_divider.inc                  ; yes             ; Megafunction                 ; c:/intelfpga_lite/20.1/quartus/libraries/megafunctions/abs_divider.inc                    ;         ;
; sign_div_unsign.inc              ; yes             ; Megafunction                 ; c:/intelfpga_lite/20.1/quartus/libraries/megafunctions/sign_div_unsign.inc                ;         ;
; aglobal201.inc                   ; yes             ; Megafunction                 ; c:/intelfpga_lite/20.1/quartus/libraries/megafunctions/aglobal201.inc                     ;         ;
; db/lpm_divide_bkl.tdf            ; yes             ; Auto-Generated Megafunction  ; C:/Users/Jorra/Documents/Coding Practice/School/EECS3216/Lab 4/db/lpm_divide_bkl.tdf      ;         ;
; db/sign_div_unsign_akh.tdf       ; yes             ; Auto-Generated Megafunction  ; C:/Users/Jorra/Documents/Coding Practice/School/EECS3216/Lab 4/db/sign_div_unsign_akh.tdf ;         ;
; db/alt_u_div_uee.tdf             ; yes             ; Auto-Generated Megafunction  ; C:/Users/Jorra/Documents/Coding Practice/School/EECS3216/Lab 4/db/alt_u_div_uee.tdf       ;         ;
; db/add_sub_t3c.tdf               ; yes             ; Auto-Generated Megafunction  ; C:/Users/Jorra/Documents/Coding Practice/School/EECS3216/Lab 4/db/add_sub_t3c.tdf         ;         ;
; db/add_sub_u3c.tdf               ; yes             ; Auto-Generated Megafunction  ; C:/Users/Jorra/Documents/Coding Practice/School/EECS3216/Lab 4/db/add_sub_u3c.tdf         ;         ;
; db/lpm_divide_8sl.tdf            ; yes             ; Auto-Generated Megafunction  ; C:/Users/Jorra/Documents/Coding Practice/School/EECS3216/Lab 4/db/lpm_divide_8sl.tdf      ;         ;
+----------------------------------+-----------------+------------------------------+-------------------------------------------------------------------------------------------+---------+


+---------------------------------------------------------+
; Analysis & Synthesis Resource Usage Summary             ;
+---------------------------------------------+-----------+
; Resource                                    ; Usage     ;
+---------------------------------------------+-----------+
; Estimated Total logic elements              ; 282       ;
;                                             ;           ;
; Total combinational functions               ; 279       ;
; Logic element usage by number of LUT inputs ;           ;
;     -- 4 input functions                    ; 94        ;
;     -- 3 input functions                    ; 60        ;
;     -- <=2 input functions                  ; 125       ;
;                                             ;           ;
; Logic elements by mode                      ;           ;
;     -- normal mode                          ; 194       ;
;     -- arithmetic mode                      ; 85        ;
;                                             ;           ;
; Total registers                             ; 44        ;
;     -- Dedicated logic registers            ; 44        ;
;     -- I/O registers                        ; 0         ;
;                                             ;           ;
; I/O pins                                    ; 19        ;
;                                             ;           ;
; Embedded Multiplier 9-bit elements          ; 0         ;
;                                             ;           ;
; Maximum fan-out node                        ; clk~input ;
; Maximum fan-out                             ; 44        ;
; Total fan-out                               ; 952       ;
; Average fan-out                             ; 2.64      ;
+---------------------------------------------+-----------+


+------------------------------------------------------------------------------------------------------------------------------------------------------------------------------------------------------------------------------------------------------------------------------------------------------------------------------------------+
; Analysis & Synthesis Resource Utilization by Entity                                                                                                                                                                                                                                                                                      ;
+----------------------------------------+---------------------+---------------------------+-------------+------------+--------------+---------+-----------+------+--------------+------------+-------------------------------------------------------------------------------------------------------+---------------------+--------------+
; Compilation Hierarchy Node             ; Combinational ALUTs ; Dedicated Logic Registers ; Memory Bits ; UFM Blocks ; DSP Elements ; DSP 9x9 ; DSP 18x18 ; Pins ; Virtual Pins ; ADC blocks ; Full Hierarchy Name                                                                                   ; Entity Name         ; Library Name ;
+----------------------------------------+---------------------+---------------------------+-------------+------------+--------------+---------+-----------+------+--------------+------------+-------------------------------------------------------------------------------------------------------+---------------------+--------------+
; |Lab4                                  ; 279 (133)           ; 44 (44)                   ; 0           ; 0          ; 0            ; 0       ; 0         ; 19   ; 0            ; 0          ; |Lab4                                                                                                 ; Lab4                ; work         ;
;    |B2D:hex01|                         ; 23 (23)             ; 0 (0)                     ; 0           ; 0          ; 0            ; 0       ; 0         ; 0    ; 0            ; 0          ; |Lab4|B2D:hex01                                                                                       ; B2D                 ; work         ;
;    |B2D:hex02|                         ; 24 (24)             ; 0 (0)                     ; 0           ; 0          ; 0            ; 0       ; 0         ; 0    ; 0            ; 0          ; |Lab4|B2D:hex02                                                                                       ; B2D                 ; work         ;
;    |lpm_divide:Div0|                   ; 43 (0)              ; 0 (0)                     ; 0           ; 0          ; 0            ; 0       ; 0         ; 0    ; 0            ; 0          ; |Lab4|lpm_divide:Div0                                                                                 ; lpm_divide          ; work         ;
;       |lpm_divide_8sl:auto_generated|  ; 43 (0)              ; 0 (0)                     ; 0           ; 0          ; 0            ; 0       ; 0         ; 0    ; 0            ; 0          ; |Lab4|lpm_divide:Div0|lpm_divide_8sl:auto_generated                                                   ; lpm_divide_8sl      ; work         ;
;          |sign_div_unsign_akh:divider| ; 43 (0)              ; 0 (0)                     ; 0           ; 0          ; 0            ; 0       ; 0         ; 0    ; 0            ; 0          ; |Lab4|lpm_divide:Div0|lpm_divide_8sl:auto_generated|sign_div_unsign_akh:divider                       ; sign_div_unsign_akh ; work         ;
;             |alt_u_div_uee:divider|    ; 43 (43)             ; 0 (0)                     ; 0           ; 0          ; 0            ; 0       ; 0         ; 0    ; 0            ; 0          ; |Lab4|lpm_divide:Div0|lpm_divide_8sl:auto_generated|sign_div_unsign_akh:divider|alt_u_div_uee:divider ; alt_u_div_uee       ; work         ;
;    |lpm_divide:Mod0|                   ; 46 (0)              ; 0 (0)                     ; 0           ; 0          ; 0            ; 0       ; 0         ; 0    ; 0            ; 0          ; |Lab4|lpm_divide:Mod0                                                                                 ; lpm_divide          ; work         ;
;       |lpm_divide_bkl:auto_generated|  ; 46 (0)              ; 0 (0)                     ; 0           ; 0          ; 0            ; 0       ; 0         ; 0    ; 0            ; 0          ; |Lab4|lpm_divide:Mod0|lpm_divide_bkl:auto_generated                                                   ; lpm_divide_bkl      ; work         ;
;          |sign_div_unsign_akh:divider| ; 46 (0)              ; 0 (0)                     ; 0           ; 0          ; 0            ; 0       ; 0         ; 0    ; 0            ; 0          ; |Lab4|lpm_divide:Mod0|lpm_divide_bkl:auto_generated|sign_div_unsign_akh:divider                       ; sign_div_unsign_akh ; work         ;
;             |alt_u_div_uee:divider|    ; 46 (46)             ; 0 (0)                     ; 0           ; 0          ; 0            ; 0       ; 0         ; 0    ; 0            ; 0          ; |Lab4|lpm_divide:Mod0|lpm_divide_bkl:auto_generated|sign_div_unsign_akh:divider|alt_u_div_uee:divider ; alt_u_div_uee       ; work         ;
;    |lpm_divide:Mod1|                   ; 10 (0)              ; 0 (0)                     ; 0           ; 0          ; 0            ; 0       ; 0         ; 0    ; 0            ; 0          ; |Lab4|lpm_divide:Mod1                                                                                 ; lpm_divide          ; work         ;
;       |lpm_divide_bkl:auto_generated|  ; 10 (0)              ; 0 (0)                     ; 0           ; 0          ; 0            ; 0       ; 0         ; 0    ; 0            ; 0          ; |Lab4|lpm_divide:Mod1|lpm_divide_bkl:auto_generated                                                   ; lpm_divide_bkl      ; work         ;
;          |sign_div_unsign_akh:divider| ; 10 (0)              ; 0 (0)                     ; 0           ; 0          ; 0            ; 0       ; 0         ; 0    ; 0            ; 0          ; |Lab4|lpm_divide:Mod1|lpm_divide_bkl:auto_generated|sign_div_unsign_akh:divider                       ; sign_div_unsign_akh ; work         ;
;             |alt_u_div_uee:divider|    ; 10 (10)             ; 0 (0)                     ; 0           ; 0          ; 0            ; 0       ; 0         ; 0    ; 0            ; 0          ; |Lab4|lpm_divide:Mod1|lpm_divide_bkl:auto_generated|sign_div_unsign_akh:divider|alt_u_div_uee:divider ; alt_u_div_uee       ; work         ;
+----------------------------------------+---------------------+---------------------------+-------------+------------+--------------+---------+-----------+------+--------------+------------+-------------------------------------------------------------------------------------------------------+---------------------+--------------+
Note: For table entries with two numbers listed, the numbers in parentheses indicate the number of resources of the given type used by the specific entity alone. The numbers listed outside of parentheses indicate the total resources of the given type used by the specific entity and all of its sub-entities in the hierarchy.


+----------------------------------------------------------------------------------------------------+
; User-Specified and Inferred Latches                                                                ;
+-----------------------------------------------------+---------------------+------------------------+
; Latch Name                                          ; Latch Enable Signal ; Free of Timing Hazards ;
+-----------------------------------------------------+---------------------+------------------------+
; B2D:hex01|outputBus[0]                              ; B2D:hex01|Mux7      ; yes                    ;
; B2D:hex01|outputBus[1]                              ; B2D:hex01|Mux7      ; yes                    ;
; B2D:hex01|outputBus[2]                              ; B2D:hex01|Mux7      ; yes                    ;
; B2D:hex01|outputBus[3]                              ; B2D:hex01|Mux7      ; yes                    ;
; B2D:hex01|outputBus[4]                              ; B2D:hex01|Mux7      ; yes                    ;
; B2D:hex01|outputBus[5]                              ; B2D:hex01|Mux7      ; yes                    ;
; B2D:hex01|outputBus[6]                              ; B2D:hex01|Mux7      ; yes                    ;
; B2D:hex02|outputBus[0]                              ; B2D:hex02|Mux7      ; yes                    ;
; B2D:hex02|outputBus[1]                              ; B2D:hex02|Mux7      ; yes                    ;
; B2D:hex02|outputBus[2]                              ; B2D:hex02|Mux7      ; yes                    ;
; B2D:hex02|outputBus[3]                              ; B2D:hex02|Mux7      ; yes                    ;
; B2D:hex02|outputBus[4]                              ; B2D:hex02|Mux7      ; yes                    ;
; B2D:hex02|outputBus[5]                              ; B2D:hex02|Mux7      ; yes                    ;
; B2D:hex02|outputBus[6]                              ; B2D:hex02|Mux7      ; yes                    ;
; Number of user-specified and inferred latches = 14  ;                     ;                        ;
+-----------------------------------------------------+---------------------+------------------------+
Note: All latches listed above may not be present at the end of synthesis due to various synthesis optimizations.


+-----------------------------------------------------------------+
; Registers Removed During Synthesis                              ;
+---------------------------------------+-------------------------+
; Register name                         ; Reason for Removal      ;
+---------------------------------------+-------------------------+
; flashing[1..6]                        ; Merged with flashing[0] ;
; Total Number of Removed Registers = 6 ;                         ;
+---------------------------------------+-------------------------+


+------------------------------------------------------+
; General Register Statistics                          ;
+----------------------------------------------+-------+
; Statistic                                    ; Value ;
+----------------------------------------------+-------+
; Total registers                              ; 44    ;
; Number of registers using Synchronous Clear  ; 0     ;
; Number of registers using Synchronous Load   ; 0     ;
; Number of registers using Asynchronous Clear ; 41    ;
; Number of registers using Asynchronous Load  ; 0     ;
; Number of registers using Clock Enable       ; 10    ;
; Number of registers using Preset             ; 0     ;
+----------------------------------------------+-------+


+------------------------------------------------------------------------------------------------------------------------------------------+
; Multiplexer Restructuring Statistics (Restructuring Performed)                                                                           ;
+--------------------+-----------+---------------+----------------------+------------------------+------------+----------------------------+
; Multiplexer Inputs ; Bus Width ; Baseline Area ; Area if Restructured ; Saving if Restructured ; Registered ; Example Multiplexer Output ;
+--------------------+-----------+---------------+----------------------+------------------------+------------+----------------------------+
; 8:1                ; 5 bits    ; 25 LEs        ; 20 LEs               ; 5 LEs                  ; Yes        ; |Lab4|currNum_tmp1[5]      ;
+--------------------+-----------+---------------+----------------------+------------------------+------------+----------------------------+


+------------------------------------------------------------------+
; Parameter Settings for Inferred Entity Instance: lpm_divide:Mod0 ;
+------------------------+----------------+------------------------+
; Parameter Name         ; Value          ; Type                   ;
+------------------------+----------------+------------------------+
; LPM_WIDTHN             ; 7              ; Untyped                ;
; LPM_WIDTHD             ; 4              ; Untyped                ;
; LPM_NREPRESENTATION    ; UNSIGNED       ; Untyped                ;
; LPM_DREPRESENTATION    ; UNSIGNED       ; Untyped                ;
; LPM_PIPELINE           ; 0              ; Untyped                ;
; LPM_REMAINDERPOSITIVE  ; TRUE           ; Untyped                ;
; MAXIMIZE_SPEED         ; 5              ; Untyped                ;
; CBXI_PARAMETER         ; lpm_divide_bkl ; Untyped                ;
; CARRY_CHAIN            ; MANUAL         ; Untyped                ;
; OPTIMIZE_FOR_SPEED     ; 5              ; Untyped                ;
; AUTO_CARRY_CHAINS      ; ON             ; AUTO_CARRY             ;
; IGNORE_CARRY_BUFFERS   ; OFF            ; IGNORE_CARRY           ;
; AUTO_CASCADE_CHAINS    ; ON             ; AUTO_CASCADE           ;
; IGNORE_CASCADE_BUFFERS ; OFF            ; IGNORE_CASCADE         ;
+------------------------+----------------+------------------------+
Note: In order to hide this table in the UI and the text report file, please set the "Show Parameter Settings in Synthesis Report" option in "Analysis and Synthesis Settings -> More Settings" to "Off".


+------------------------------------------------------------------+
; Parameter Settings for Inferred Entity Instance: lpm_divide:Div0 ;
+------------------------+----------------+------------------------+
; Parameter Name         ; Value          ; Type                   ;
+------------------------+----------------+------------------------+
; LPM_WIDTHN             ; 7              ; Untyped                ;
; LPM_WIDTHD             ; 4              ; Untyped                ;
; LPM_NREPRESENTATION    ; UNSIGNED       ; Untyped                ;
; LPM_DREPRESENTATION    ; UNSIGNED       ; Untyped                ;
; LPM_PIPELINE           ; 0              ; Untyped                ;
; LPM_REMAINDERPOSITIVE  ; TRUE           ; Untyped                ;
; MAXIMIZE_SPEED         ; 5              ; Untyped                ;
; CBXI_PARAMETER         ; lpm_divide_8sl ; Untyped                ;
; CARRY_CHAIN            ; MANUAL         ; Untyped                ;
; OPTIMIZE_FOR_SPEED     ; 5              ; Untyped                ;
; AUTO_CARRY_CHAINS      ; ON             ; AUTO_CARRY             ;
; IGNORE_CARRY_BUFFERS   ; OFF            ; IGNORE_CARRY           ;
; AUTO_CASCADE_CHAINS    ; ON             ; AUTO_CASCADE           ;
; IGNORE_CASCADE_BUFFERS ; OFF            ; IGNORE_CASCADE         ;
+------------------------+----------------+------------------------+
Note: In order to hide this table in the UI and the text report file, please set the "Show Parameter Settings in Synthesis Report" option in "Analysis and Synthesis Settings -> More Settings" to "Off".


+------------------------------------------------------------------+
; Parameter Settings for Inferred Entity Instance: lpm_divide:Mod1 ;
+------------------------+----------------+------------------------+
; Parameter Name         ; Value          ; Type                   ;
+------------------------+----------------+------------------------+
; LPM_WIDTHN             ; 7              ; Untyped                ;
; LPM_WIDTHD             ; 4              ; Untyped                ;
; LPM_NREPRESENTATION    ; UNSIGNED       ; Untyped                ;
; LPM_DREPRESENTATION    ; UNSIGNED       ; Untyped                ;
; LPM_PIPELINE           ; 0              ; Untyped                ;
; LPM_REMAINDERPOSITIVE  ; TRUE           ; Untyped                ;
; MAXIMIZE_SPEED         ; 5              ; Untyped                ;
; CBXI_PARAMETER         ; lpm_divide_bkl ; Untyped                ;
; CARRY_CHAIN            ; MANUAL         ; Untyped                ;
; OPTIMIZE_FOR_SPEED     ; 5              ; Untyped                ;
; AUTO_CARRY_CHAINS      ; ON             ; AUTO_CARRY             ;
; IGNORE_CARRY_BUFFERS   ; OFF            ; IGNORE_CARRY           ;
; AUTO_CASCADE_CHAINS    ; ON             ; AUTO_CASCADE           ;
; IGNORE_CASCADE_BUFFERS ; OFF            ; IGNORE_CASCADE         ;
+------------------------+----------------+------------------------+
Note: In order to hide this table in the UI and the text report file, please set the "Show Parameter Settings in Synthesis Report" option in "Analysis and Synthesis Settings -> More Settings" to "Off".


+-----------------------------------------------+
; Port Connectivity Checks: "B2D:hex02"         ;
+-------------+-------+----------+--------------+
; Port        ; Type  ; Severity ; Details      ;
+-------------+-------+----------+--------------+
; inputBus[4] ; Input ; Info     ; Stuck at GND ;
+-------------+-------+----------+--------------+


+-----------------------------------------------+
; Port Connectivity Checks: "B2D:hex01"         ;
+-------------+-------+----------+--------------+
; Port        ; Type  ; Severity ; Details      ;
+-------------+-------+----------+--------------+
; inputBus[4] ; Input ; Info     ; Stuck at GND ;
+-------------+-------+----------+--------------+


+-----------------------------------------------------+
; Post-Synthesis Netlist Statistics for Top Partition ;
+-----------------------+-----------------------------+
; Type                  ; Count                       ;
+-----------------------+-----------------------------+
; boundary_port         ; 19                          ;
; cycloneiii_ff         ; 44                          ;
;     CLR               ; 34                          ;
;     ENA               ; 3                           ;
;     ENA CLR           ; 7                           ;
; cycloneiii_lcell_comb ; 279                         ;
;     arith             ; 85                          ;
;         1 data inputs ; 1                           ;
;         2 data inputs ; 60                          ;
;         3 data inputs ; 24                          ;
;     normal            ; 194                         ;
;         0 data inputs ; 11                          ;
;         1 data inputs ; 3                           ;
;         2 data inputs ; 50                          ;
;         3 data inputs ; 36                          ;
;         4 data inputs ; 94                          ;
;                       ;                             ;
; Max LUT depth         ; 12.50                       ;
; Average LUT depth     ; 7.49                        ;
+-----------------------+-----------------------------+


+-------------------------------+
; Elapsed Time Per Partition    ;
+----------------+--------------+
; Partition Name ; Elapsed Time ;
+----------------+--------------+
; Top            ; 00:00:00     ;
+----------------+--------------+


+-------------------------------+
; Analysis & Synthesis Messages ;
+-------------------------------+
Info: *******************************************************************
Info: Running Quartus Prime Analysis & Synthesis
    Info: Version 20.1.1 Build 720 11/11/2020 Patches 1.02i SJ Lite Edition
    Info: Processing started: Sun Feb 27 14:49:21 2022
Info: Command: quartus_map --read_settings_files=on --write_settings_files=off Lab4 -c Lab4
Warning (18236): Number of processors has not been specified which may cause overloading on shared machines.  Set the global assignment NUM_PARALLEL_PROCESSORS in your QSF to an appropriate value for best performance.
Info (20030): Parallel compilation is enabled and will use 12 of the 12 processors detected
Info (12021): Found 2 design units, including 2 entities, in source file lab4.sv
    Info (12023): Found entity 1: Lab4 File: C:/Users/Jorra/Documents/Coding Practice/School/EECS3216/Lab 4/Lab4.sv Line: 1
    Info (12023): Found entity 2: B2D File: C:/Users/Jorra/Documents/Coding Practice/School/EECS3216/Lab 4/Lab4.sv Line: 77
Info (12127): Elaborating entity "Lab4" for the top level hierarchy
Warning (10230): Verilog HDL assignment warning at Lab4.sv(29): truncated value with size 32 to match size of target (7) File: C:/Users/Jorra/Documents/Coding Practice/School/EECS3216/Lab 4/Lab4.sv Line: 29
Warning (10230): Verilog HDL assignment warning at Lab4.sv(33): truncated value with size 32 to match size of target (7) File: C:/Users/Jorra/Documents/Coding Practice/School/EECS3216/Lab 4/Lab4.sv Line: 33
Warning (10230): Verilog HDL assignment warning at Lab4.sv(38): truncated value with size 32 to match size of target (7) File: C:/Users/Jorra/Documents/Coding Practice/School/EECS3216/Lab 4/Lab4.sv Line: 38
Warning (10230): Verilog HDL assignment warning at Lab4.sv(43): truncated value with size 32 to match size of target (7) File: C:/Users/Jorra/Documents/Coding Practice/School/EECS3216/Lab 4/Lab4.sv Line: 43
Warning (10230): Verilog HDL assignment warning at Lab4.sv(68): truncated value with size 32 to match size of target (4) File: C:/Users/Jorra/Documents/Coding Practice/School/EECS3216/Lab 4/Lab4.sv Line: 68
Warning (10230): Verilog HDL assignment warning at Lab4.sv(69): truncated value with size 32 to match size of target (4) File: C:/Users/Jorra/Documents/Coding Practice/School/EECS3216/Lab 4/Lab4.sv Line: 69
Info (12128): Elaborating entity "B2D" for hierarchy "B2D:hex01" File: C:/Users/Jorra/Documents/Coding Practice/School/EECS3216/Lab 4/Lab4.sv Line: 71
Warning (10235): Verilog HDL Always Construct warning at Lab4.sv(85): variable "flashing" is read inside the Always Construct but isn't in the Always Construct's Event Control File: C:/Users/Jorra/Documents/Coding Practice/School/EECS3216/Lab 4/Lab4.sv Line: 85
Warning (10235): Verilog HDL Always Construct warning at Lab4.sv(86): variable "flashing" is read inside the Always Construct but isn't in the Always Construct's Event Control File: C:/Users/Jorra/Documents/Coding Practice/School/EECS3216/Lab 4/Lab4.sv Line: 86
Warning (10235): Verilog HDL Always Construct warning at Lab4.sv(87): variable "flashing" is read inside the Always Construct but isn't in the Always Construct's Event Control File: C:/Users/Jorra/Documents/Coding Practice/School/EECS3216/Lab 4/Lab4.sv Line: 87
Warning (10235): Verilog HDL Always Construct warning at Lab4.sv(88): variable "flashing" is read inside the Always Construct but isn't in the Always Construct's Event Control File: C:/Users/Jorra/Documents/Coding Practice/School/EECS3216/Lab 4/Lab4.sv Line: 88
Warning (10235): Verilog HDL Always Construct warning at Lab4.sv(89): variable "flashing" is read inside the Always Construct but isn't in the Always Construct's Event Control File: C:/Users/Jorra/Documents/Coding Practice/School/EECS3216/Lab 4/Lab4.sv Line: 89
Warning (10235): Verilog HDL Always Construct warning at Lab4.sv(90): variable "flashing" is read inside the Always Construct but isn't in the Always Construct's Event Control File: C:/Users/Jorra/Documents/Coding Practice/School/EECS3216/Lab 4/Lab4.sv Line: 90
Warning (10235): Verilog HDL Always Construct warning at Lab4.sv(91): variable "flashing" is read inside the Always Construct but isn't in the Always Construct's Event Control File: C:/Users/Jorra/Documents/Coding Practice/School/EECS3216/Lab 4/Lab4.sv Line: 91
Warning (10235): Verilog HDL Always Construct warning at Lab4.sv(92): variable "flashing" is read inside the Always Construct but isn't in the Always Construct's Event Control File: C:/Users/Jorra/Documents/Coding Practice/School/EECS3216/Lab 4/Lab4.sv Line: 92
Warning (10235): Verilog HDL Always Construct warning at Lab4.sv(93): variable "flashing" is read inside the Always Construct but isn't in the Always Construct's Event Control File: C:/Users/Jorra/Documents/Coding Practice/School/EECS3216/Lab 4/Lab4.sv Line: 93
Warning (10235): Verilog HDL Always Construct warning at Lab4.sv(94): variable "flashing" is read inside the Always Construct but isn't in the Always Construct's Event Control File: C:/Users/Jorra/Documents/Coding Practice/School/EECS3216/Lab 4/Lab4.sv Line: 94
Warning (10270): Verilog HDL Case Statement warning at Lab4.sv(84): incomplete case statement has no default case item File: C:/Users/Jorra/Documents/Coding Practice/School/EECS3216/Lab 4/Lab4.sv Line: 84
Warning (10240): Verilog HDL Always Construct warning at Lab4.sv(83): inferring latch(es) for variable "outputBus", which holds its previous value in one or more paths through the always construct File: C:/Users/Jorra/Documents/Coding Practice/School/EECS3216/Lab 4/Lab4.sv Line: 83
Info (10041): Inferred latch for "outputBus[0]" at Lab4.sv(83) File: C:/Users/Jorra/Documents/Coding Practice/School/EECS3216/Lab 4/Lab4.sv Line: 83
Info (10041): Inferred latch for "outputBus[1]" at Lab4.sv(83) File: C:/Users/Jorra/Documents/Coding Practice/School/EECS3216/Lab 4/Lab4.sv Line: 83
Info (10041): Inferred latch for "outputBus[2]" at Lab4.sv(83) File: C:/Users/Jorra/Documents/Coding Practice/School/EECS3216/Lab 4/Lab4.sv Line: 83
Info (10041): Inferred latch for "outputBus[3]" at Lab4.sv(83) File: C:/Users/Jorra/Documents/Coding Practice/School/EECS3216/Lab 4/Lab4.sv Line: 83
Info (10041): Inferred latch for "outputBus[4]" at Lab4.sv(83) File: C:/Users/Jorra/Documents/Coding Practice/School/EECS3216/Lab 4/Lab4.sv Line: 83
Info (10041): Inferred latch for "outputBus[5]" at Lab4.sv(83) File: C:/Users/Jorra/Documents/Coding Practice/School/EECS3216/Lab 4/Lab4.sv Line: 83
Info (10041): Inferred latch for "outputBus[6]" at Lab4.sv(83) File: C:/Users/Jorra/Documents/Coding Practice/School/EECS3216/Lab 4/Lab4.sv Line: 83
Info (278001): Inferred 3 megafunctions from design logic
    Info (278004): Inferred divider/modulo megafunction ("lpm_divide") from the following logic: "Mod0" File: C:/Users/Jorra/Documents/Coding Practice/School/EECS3216/Lab 4/Lab4.sv Line: 68
    Info (278004): Inferred divider/modulo megafunction ("lpm_divide") from the following logic: "Div0" File: C:/Users/Jorra/Documents/Coding Practice/School/EECS3216/Lab 4/Lab4.sv Line: 69
    Info (278004): Inferred divider/modulo megafunction ("lpm_divide") from the following logic: "Mod1" File: C:/Users/Jorra/Documents/Coding Practice/School/EECS3216/Lab 4/Lab4.sv Line: 69
Info (12130): Elaborated megafunction instantiation "lpm_divide:Mod0" File: C:/Users/Jorra/Documents/Coding Practice/School/EECS3216/Lab 4/Lab4.sv Line: 68
Info (12133): Instantiated megafunction "lpm_divide:Mod0" with the following parameter: File: C:/Users/Jorra/Documents/Coding Practice/School/EECS3216/Lab 4/Lab4.sv Line: 68
    Info (12134): Parameter "LPM_WIDTHN" = "7"
    Info (12134): Parameter "LPM_WIDTHD" = "4"
    Info (12134): Parameter "LPM_NREPRESENTATION" = "UNSIGNED"
    Info (12134): Parameter "LPM_DREPRESENTATION" = "UNSIGNED"
Info (12021): Found 1 design units, including 1 entities, in source file db/lpm_divide_bkl.tdf
    Info (12023): Found entity 1: lpm_divide_bkl File: C:/Users/Jorra/Documents/Coding Practice/School/EECS3216/Lab 4/db/lpm_divide_bkl.tdf Line: 25
Info (12021): Found 1 design units, including 1 entities, in source file db/sign_div_unsign_akh.tdf
    Info (12023): Found entity 1: sign_div_unsign_akh File: C:/Users/Jorra/Documents/Coding Practice/School/EECS3216/Lab 4/db/sign_div_unsign_akh.tdf Line: 25
Info (12021): Found 1 design units, including 1 entities, in source file db/alt_u_div_uee.tdf
    Info (12023): Found entity 1: alt_u_div_uee File: C:/Users/Jorra/Documents/Coding Practice/School/EECS3216/Lab 4/db/alt_u_div_uee.tdf Line: 27
Info (12021): Found 1 design units, including 1 entities, in source file db/add_sub_t3c.tdf
    Info (12023): Found entity 1: add_sub_t3c File: C:/Users/Jorra/Documents/Coding Practice/School/EECS3216/Lab 4/db/add_sub_t3c.tdf Line: 23
Info (12021): Found 1 design units, including 1 entities, in source file db/add_sub_u3c.tdf
    Info (12023): Found entity 1: add_sub_u3c File: C:/Users/Jorra/Documents/Coding Practice/School/EECS3216/Lab 4/db/add_sub_u3c.tdf Line: 23
Info (12130): Elaborated megafunction instantiation "lpm_divide:Div0" File: C:/Users/Jorra/Documents/Coding Practice/School/EECS3216/Lab 4/Lab4.sv Line: 69
Info (12133): Instantiated megafunction "lpm_divide:Div0" with the following parameter: File: C:/Users/Jorra/Documents/Coding Practice/School/EECS3216/Lab 4/Lab4.sv Line: 69
    Info (12134): Parameter "LPM_WIDTHN" = "7"
    Info (12134): Parameter "LPM_WIDTHD" = "4"
    Info (12134): Parameter "LPM_NREPRESENTATION" = "UNSIGNED"
    Info (12134): Parameter "LPM_DREPRESENTATION" = "UNSIGNED"
Info (12021): Found 1 design units, including 1 entities, in source file db/lpm_divide_8sl.tdf
    Info (12023): Found entity 1: lpm_divide_8sl File: C:/Users/Jorra/Documents/Coding Practice/School/EECS3216/Lab 4/db/lpm_divide_8sl.tdf Line: 25
Warning (13012): Latch B2D:hex01|outputBus[0] has unsafe behavior File: C:/Users/Jorra/Documents/Coding Practice/School/EECS3216/Lab 4/Lab4.sv Line: 83
    Warning (13013): Ports D and ENA on the latch are fed by the same signal currNum_tmp1[1] File: C:/Users/Jorra/Documents/Coding Practice/School/EECS3216/Lab 4/Lab4.sv Line: 25
Warning (13012): Latch B2D:hex01|outputBus[1] has unsafe behavior File: C:/Users/Jorra/Documents/Coding Practice/School/EECS3216/Lab 4/Lab4.sv Line: 83
    Warning (13013): Ports D and ENA on the latch are fed by the same signal currNum_tmp1[1] File: C:/Users/Jorra/Documents/Coding Practice/School/EECS3216/Lab 4/Lab4.sv Line: 25
Warning (13012): Latch B2D:hex01|outputBus[2] has unsafe behavior File: C:/Users/Jorra/Documents/Coding Practice/School/EECS3216/Lab 4/Lab4.sv Line: 83
    Warning (13013): Ports D and ENA on the latch are fed by the same signal currNum_tmp1[1] File: C:/Users/Jorra/Documents/Coding Practice/School/EECS3216/Lab 4/Lab4.sv Line: 25
Warning (13012): Latch B2D:hex01|outputBus[3] has unsafe behavior File: C:/Users/Jorra/Documents/Coding Practice/School/EECS3216/Lab 4/Lab4.sv Line: 83
    Warning (13013): Ports D and ENA on the latch are fed by the same signal currNum_tmp1[1] File: C:/Users/Jorra/Documents/Coding Practice/School/EECS3216/Lab 4/Lab4.sv Line: 25
Warning (13012): Latch B2D:hex01|outputBus[4] has unsafe behavior File: C:/Users/Jorra/Documents/Coding Practice/School/EECS3216/Lab 4/Lab4.sv Line: 83
    Warning (13013): Ports D and ENA on the latch are fed by the same signal currNum_tmp1[1] File: C:/Users/Jorra/Documents/Coding Practice/School/EECS3216/Lab 4/Lab4.sv Line: 25
Warning (13012): Latch B2D:hex01|outputBus[5] has unsafe behavior File: C:/Users/Jorra/Documents/Coding Practice/School/EECS3216/Lab 4/Lab4.sv Line: 83
    Warning (13013): Ports D and ENA on the latch are fed by the same signal currNum_tmp1[1] File: C:/Users/Jorra/Documents/Coding Practice/School/EECS3216/Lab 4/Lab4.sv Line: 25
Warning (13012): Latch B2D:hex01|outputBus[6] has unsafe behavior File: C:/Users/Jorra/Documents/Coding Practice/School/EECS3216/Lab 4/Lab4.sv Line: 83
    Warning (13013): Ports D and ENA on the latch are fed by the same signal currNum_tmp1[1] File: C:/Users/Jorra/Documents/Coding Practice/School/EECS3216/Lab 4/Lab4.sv Line: 25
Warning (13012): Latch B2D:hex02|outputBus[0] has unsafe behavior File: C:/Users/Jorra/Documents/Coding Practice/School/EECS3216/Lab 4/Lab4.sv Line: 83
    Warning (13013): Ports D and ENA on the latch are fed by the same signal lpm_divide:Mod1|lpm_divide_bkl:auto_generated|sign_div_unsign_akh:divider|alt_u_div_uee:divider|StageOut[33]~synth File: C:/Users/Jorra/Documents/Coding Practice/School/EECS3216/Lab 4/db/alt_u_div_uee.tdf Line: 74
Warning (13012): Latch B2D:hex02|outputBus[1] has unsafe behavior File: C:/Users/Jorra/Documents/Coding Practice/School/EECS3216/Lab 4/Lab4.sv Line: 83
    Warning (13013): Ports D and ENA on the latch are fed by the same signal lpm_divide:Mod1|lpm_divide_bkl:auto_generated|sign_div_unsign_akh:divider|alt_u_div_uee:divider|StageOut[33]~synth File: C:/Users/Jorra/Documents/Coding Practice/School/EECS3216/Lab 4/db/alt_u_div_uee.tdf Line: 74
Warning (13012): Latch B2D:hex02|outputBus[2] has unsafe behavior File: C:/Users/Jorra/Documents/Coding Practice/School/EECS3216/Lab 4/Lab4.sv Line: 83
    Warning (13013): Ports D and ENA on the latch are fed by the same signal lpm_divide:Mod1|lpm_divide_bkl:auto_generated|sign_div_unsign_akh:divider|alt_u_div_uee:divider|StageOut[33]~synth File: C:/Users/Jorra/Documents/Coding Practice/School/EECS3216/Lab 4/db/alt_u_div_uee.tdf Line: 74
Warning (13012): Latch B2D:hex02|outputBus[3] has unsafe behavior File: C:/Users/Jorra/Documents/Coding Practice/School/EECS3216/Lab 4/Lab4.sv Line: 83
    Warning (13013): Ports D and ENA on the latch are fed by the same signal lpm_divide:Mod1|lpm_divide_bkl:auto_generated|sign_div_unsign_akh:divider|alt_u_div_uee:divider|StageOut[33]~synth File: C:/Users/Jorra/Documents/Coding Practice/School/EECS3216/Lab 4/db/alt_u_div_uee.tdf Line: 74
Warning (13012): Latch B2D:hex02|outputBus[4] has unsafe behavior File: C:/Users/Jorra/Documents/Coding Practice/School/EECS3216/Lab 4/Lab4.sv Line: 83
    Warning (13013): Ports D and ENA on the latch are fed by the same signal lpm_divide:Mod1|lpm_divide_bkl:auto_generated|sign_div_unsign_akh:divider|alt_u_div_uee:divider|StageOut[33]~synth File: C:/Users/Jorra/Documents/Coding Practice/School/EECS3216/Lab 4/db/alt_u_div_uee.tdf Line: 74
Warning (13012): Latch B2D:hex02|outputBus[5] has unsafe behavior File: C:/Users/Jorra/Documents/Coding Practice/School/EECS3216/Lab 4/Lab4.sv Line: 83
    Warning (13013): Ports D and ENA on the latch are fed by the same signal lpm_divide:Mod1|lpm_divide_bkl:auto_generated|sign_div_unsign_akh:divider|alt_u_div_uee:divider|StageOut[33]~synth File: C:/Users/Jorra/Documents/Coding Practice/School/EECS3216/Lab 4/db/alt_u_div_uee.tdf Line: 74
Warning (13012): Latch B2D:hex02|outputBus[6] has unsafe behavior File: C:/Users/Jorra/Documents/Coding Practice/School/EECS3216/Lab 4/Lab4.sv Line: 83
    Warning (13013): Ports D and ENA on the latch are fed by the same signal lpm_divide:Mod1|lpm_divide_bkl:auto_generated|sign_div_unsign_akh:divider|alt_u_div_uee:divider|StageOut[33]~synth File: C:/Users/Jorra/Documents/Coding Practice/School/EECS3216/Lab 4/db/alt_u_div_uee.tdf Line: 74
Info (286030): Timing-Driven Synthesis is running
Info (17016): Found the following redundant logic cells in design
    Info (17048): Logic cell "lpm_divide:Mod1|lpm_divide_bkl:auto_generated|sign_div_unsign_akh:divider|alt_u_div_uee:divider|add_sub_6_result_int[0]~10" File: C:/Users/Jorra/Documents/Coding Practice/School/EECS3216/Lab 4/db/alt_u_div_uee.tdf Line: 57
Info (144001): Generated suppressed messages file C:/Users/Jorra/Documents/Coding Practice/School/EECS3216/Lab 4/output_files/Lab4.map.smsg
Info (16010): Generating hard_block partition "hard_block:auto_generated_inst"
    Info (16011): Adding 0 node(s), including 0 DDIO, 0 PLL, 0 transceiver and 0 LCELL
Info (21057): Implemented 301 device resources after synthesis - the final resource count might be different
    Info (21058): Implemented 5 input pins
    Info (21059): Implemented 14 output pins
    Info (21061): Implemented 282 logic cells
Info: Quartus Prime Analysis & Synthesis was successful. 0 errors, 47 warnings
    Info: Peak virtual memory: 4827 megabytes
    Info: Processing ended: Sun Feb 27 14:49:28 2022
    Info: Elapsed time: 00:00:07
    Info: Total CPU time (on all processors): 00:00:14


+------------------------------------------+
; Analysis & Synthesis Suppressed Messages ;
+------------------------------------------+
The suppressed messages can be found in C:/Users/Jorra/Documents/Coding Practice/School/EECS3216/Lab 4/output_files/Lab4.map.smsg.


